生成启动时间为 2018/6/30 19:14:10。
     1>项目“C:\Users\cmh13\Desktop\20162180198陈铭海-操作系统实验\ProcessScheduling\ProcessScheduling\ProcessScheduling.vcxproj”在节点 2 上(Build 个目标)。
     1>ClCompile:
         D:\VS2013\VC\bin\CL.exe /c /ZI /nologo /W3 /WX- /sdl /Od /Oy- /D WIN32 /D _WINDOWS /D _DEBUG /D _UNICODE /D UNICODE /D _AFXDLL /Gm /EHsc /RTC1 /MDd /GS /fp:precise /Zc:wchar_t /Zc:forScope /Yc"stdafx.h" /Fp"Debug\ProcessScheduling.pch" /Fo"Debug\\" /Fd"Debug\vc120.pdb" /Gd /TP /analyze- /errorReport:prompt stdafx.cpp
         stdafx.cpp
         D:\VS2013\VC\bin\CL.exe /c /ZI /nologo /W3 /WX- /sdl /Od /Oy- /D WIN32 /D _WINDOWS /D _DEBUG /D _UNICODE /D UNICODE /D _AFXDLL /Gm /EHsc /RTC1 /MDd /GS /fp:precise /Zc:wchar_t /Zc:forScope /Yu"stdafx.h" /Fp"Debug\ProcessScheduling.pch" /Fo"Debug\\" /Fd"Debug\vc120.pdb" /Gd /TP /analyze- /errorReport:prompt ProcessScheduling.cpp ProcessSchedulingDlg.cpp
         ProcessSchedulingDlg.cpp
         ProcessScheduling.cpp
         正在生成代码...
       ResourceCompile:
         C:\Program Files (x86)\Windows Kits\8.1\bin\x86\rc.exe /D _DEBUG /D _UNICODE /D UNICODE /D _AFXDLL /l"0x0804" /IDebug\ /nologo /fo"Debug\ProcessScheduling.res" ProcessScheduling.rc 
       Link:
         D:\VS2013\VC\bin\link.exe /ERRORREPORT:PROMPT /OUT:"C:\Users\cmh13\Desktop\20162180198陈铭海-操作系统实验\ProcessScheduling\Debug\ProcessScheduling.exe" /INCREMENTAL /NOLOGO /MANIFEST /MANIFESTUAC:"level='asInvoker' uiAccess='false'" /manifest:embed /manifestinput:D:\VS2013\VC\Include\Manifest\dpiaware.manifest /DEBUG /PDB:"C:\Users\cmh13\Desktop\20162180198陈铭海-操作系统实验\ProcessScheduling\Debug\ProcessScheduling.pdb" /SUBSYSTEM:WINDOWS /TLBID:1 /ENTRY:"wWinMainCRTStartup" /DYNAMICBASE /NXCOMPAT /IMPLIB:"C:\Users\cmh13\Desktop\20162180198陈铭海-操作系统实验\ProcessScheduling\Debug\ProcessScheduling.lib" /MACHINE:X86 Debug\ProcessScheduling.res
         Debug\ProcessScheduling.obj
         Debug\ProcessSchedulingDlg.obj
         Debug\stdafx.obj
         ProcessScheduling.vcxproj -> C:\Users\cmh13\Desktop\20162180198陈铭海-操作系统实验\ProcessScheduling\Debug\ProcessScheduling.exe
     1>已完成生成项目“C:\Users\cmh13\Desktop\20162180198陈铭海-操作系统实验\ProcessScheduling\ProcessScheduling\ProcessScheduling.vcxproj”(Build 个目标)的操作。

生成成功。

已用时间 00:00:27.20
