c:\users\cmh13\desktop\winresourcesmanager版本2\winresourcesmanager\debug\winresourcesmanager.pch
c:\users\cmh13\desktop\winresourcesmanager版本2\winresourcesmanager\debug\vc120.pdb
c:\users\cmh13\desktop\winresourcesmanager版本2\winresourcesmanager\debug\vc120.idb
c:\users\cmh13\desktop\winresourcesmanager版本2\winresourcesmanager\debug\stdafx.obj
c:\users\cmh13\desktop\winresourcesmanager版本2\winresourcesmanager\debug\diskmonitor.obj
c:\users\cmh13\desktop\winresourcesmanager版本2\winresourcesmanager\debug\diskmonitortabdlg.obj
c:\users\cmh13\desktop\winresourcesmanager版本2\winresourcesmanager\debug\mymfcshelllistctrl.obj
c:\users\cmh13\desktop\winresourcesmanager版本2\winresourcesmanager\debug\newfiledlg.obj
c:\users\cmh13\desktop\winresourcesmanager版本2\winresourcesmanager\debug\processmanagerdlg.obj
c:\users\cmh13\desktop\winresourcesmanager版本2\winresourcesmanager\debug\processtabdlg.obj
c:\users\cmh13\desktop\winresourcesmanager版本2\winresourcesmanager\debug\quickserachdlg.obj
c:\users\cmh13\desktop\winresourcesmanager版本2\winresourcesmanager\debug\threadtabdlg.obj
c:\users\cmh13\desktop\winresourcesmanager版本2\winresourcesmanager\debug\winresourcesmanager.obj
c:\users\cmh13\desktop\winresourcesmanager版本2\winresourcesmanager\debug\winresourcesmanagerdlg.obj
c:\users\cmh13\desktop\winresourcesmanager版本3\winresourcesmanager\debug\winresourcesmanager.pch
c:\users\cmh13\desktop\winresourcesmanager版本3\winresourcesmanager\debug\vc120.pdb
c:\users\cmh13\desktop\winresourcesmanager版本3\winresourcesmanager\debug\vc120.idb
c:\users\cmh13\desktop\winresourcesmanager版本3\winresourcesmanager\debug\stdafx.obj
c:\users\cmh13\desktop\winresourcesmanager版本3\winresourcesmanager\debug\diskmonitor.obj
c:\users\cmh13\desktop\winresourcesmanager版本3\winresourcesmanager\debug\diskmonitortabdlg.obj
c:\users\cmh13\desktop\winresourcesmanager版本3\winresourcesmanager\debug\mymfcshelllistctrl.obj
c:\users\cmh13\desktop\winresourcesmanager版本3\winresourcesmanager\debug\newfiledlg.obj
c:\users\cmh13\desktop\winresourcesmanager版本3\winresourcesmanager\debug\processmanagerdlg.obj
c:\users\cmh13\desktop\winresourcesmanager版本3\winresourcesmanager\debug\processtabdlg.obj
c:\users\cmh13\desktop\winresourcesmanager版本3\winresourcesmanager\debug\quickserachdlg.obj
c:\users\cmh13\desktop\winresourcesmanager版本3\winresourcesmanager\debug\threadtabdlg.obj
c:\users\cmh13\desktop\winresourcesmanager版本3\winresourcesmanager\debug\winresourcesmanager.obj
c:\users\cmh13\desktop\winresourcesmanager版本3\winresourcesmanager\debug\winresourcesmanagerdlg.obj
c:\users\cmh13\desktop\winresourcesmanager版本2\debug\winresourcesmanager.ilk
c:\users\cmh13\desktop\winresourcesmanager版本2\debug\winresourcesmanager.exe
c:\users\cmh13\desktop\winresourcesmanager版本2\debug\winresourcesmanager.pdb
c:\users\cmh13\desktop\winresourcesmanager版本3\debug\winresourcesmanager.ilk
c:\users\cmh13\desktop\winresourcesmanager版本3\debug\winresourcesmanager.exe
c:\users\cmh13\desktop\winresourcesmanager版本3\debug\winresourcesmanager.pdb
c:\users\cmh13\desktop\winresourcesmanager版本2\winresourcesmanager\debug\winresourcesmanager.res
c:\users\cmh13\desktop\winresourcesmanager版本3\winresourcesmanager\debug\winresourcesmanager.res
c:\users\cmh13\desktop\winresourcesmanager版本3\winresourcesmanager\debug\winresou.af4a9200.tlog\cl.command.1.tlog
c:\users\cmh13\desktop\winresourcesmanager版本3\winresourcesmanager\debug\winresou.af4a9200.tlog\cl.read.1.tlog
c:\users\cmh13\desktop\winresourcesmanager版本3\winresourcesmanager\debug\winresou.af4a9200.tlog\cl.write.1.tlog
c:\users\cmh13\desktop\winresourcesmanager版本3\winresourcesmanager\debug\winresou.af4a9200.tlog\link.command.1.tlog
c:\users\cmh13\desktop\winresourcesmanager版本3\winresourcesmanager\debug\winresou.af4a9200.tlog\link.read.1.tlog
c:\users\cmh13\desktop\winresourcesmanager版本3\winresourcesmanager\debug\winresou.af4a9200.tlog\link.write.1.tlog
c:\users\cmh13\desktop\winresourcesmanager版本3\winresourcesmanager\debug\winresou.af4a9200.tlog\rc.command.1.tlog
c:\users\cmh13\desktop\winresourcesmanager版本3\winresourcesmanager\debug\winresou.af4a9200.tlog\rc.read.1.tlog
c:\users\cmh13\desktop\winresourcesmanager版本3\winresourcesmanager\debug\winresou.af4a9200.tlog\rc.write.1.tlog
