c:\users\cmh\desktop\xlexgenerator\xlexgenerator\debug\vc141.pdb
c:\users\cmh\desktop\xlexgenerator\xlexgenerator\debug\vc141.idb
c:\users\cmh\desktop\xlexgenerator\xlexgenerator\debug\xlexgeneratordlg.obj
c:\users\cmh\desktop\xlexgenerator\xlexgenerator\debug\xlexgenerator.obj
c:\users\cmh\desktop\xlexgenerator\xlexgenerator\debug\xlexgenerator.pch
c:\users\cmh\desktop\xlexgenerator\xlexgenerator\debug\stdafx.obj
c:\users\cmh\desktop\xlexgenerator\xlexgenerator\debug\showlex.obj
c:\users\cmh\desktop\xlexgenerator\debug\xlexgenerator.exe
c:\users\cmh\desktop\xlexgenerator\debug\xlexgenerator.ilk
c:\users\cmh\desktop\xlexgenerator\debug\xlexgenerator.pdb
c:\users\cmh\desktop\xlexgenerator\xlexgenerator\debug\xlexgenerator.res
c:\users\cmh\desktop\xlexgenerator\xlexgenerator\debug\xlexgenerator.tlog\cl.command.1.tlog
c:\users\cmh\desktop\xlexgenerator\xlexgenerator\debug\xlexgenerator.tlog\cl.read.1.tlog
c:\users\cmh\desktop\xlexgenerator\xlexgenerator\debug\xlexgenerator.tlog\cl.write.1.tlog
c:\users\cmh\desktop\xlexgenerator\xlexgenerator\debug\xlexgenerator.tlog\link.command.1.tlog
c:\users\cmh\desktop\xlexgenerator\xlexgenerator\debug\xlexgenerator.tlog\link.read.1.tlog
c:\users\cmh\desktop\xlexgenerator\xlexgenerator\debug\xlexgenerator.tlog\link.write.1.tlog
c:\users\cmh\desktop\xlexgenerator\xlexgenerator\debug\xlexgenerator.tlog\rc.command.1.tlog
c:\users\cmh\desktop\xlexgenerator\xlexgenerator\debug\xlexgenerator.tlog\rc.read.1.tlog
c:\users\cmh\desktop\xlexgenerator\xlexgenerator\debug\xlexgenerator.tlog\rc.write.1.tlog
